2025-05-27 20:52:04,171 - INFO - [31m[1mWARNING: This is a development server. Do not use it in a production deployment. Use a production WSGI server instead.[0m
 * Running on http://127.0.0.1:5001
2025-05-27 20:52:04,171 - INFO - [33mPress CTRL+C to quit[0m
2025-05-27 20:58:28,219 - INFO - Database initialized
2025-05-27 20:59:41,385 - INFO - [31m[1mWARNING: This is a development server. Do not use it in a production deployment. Use a production WSGI server instead.[0m
 * Running on http://127.0.0.1:5000
2025-05-27 20:59:41,385 - INFO - [33mPress CTRL+C to quit[0m
2025-05-27 21:40:33,608 - WARNING - From C:\Users\Barath viswa raj\AppData\Local\Packages\PythonSoftwareFoundation.Python.3.11_qbz5n2kfra8p0\LocalCache\local-packages\Python311\site-packages\tf_keras\src\losses.py:2976: The name tf.losses.sparse_softmax_cross_entropy is deprecated. Please use tf.compat.v1.losses.sparse_softmax_cross_entropy instead.

2025-05-27 21:40:33,912 - INFO - Use pytorch device_name: cpu
2025-05-27 21:40:33,912 - INFO - Load pretrained SentenceTransformer: all-MiniLM-L6-v2
2025-05-27 21:40:39,262 - INFO - Loading faiss with AVX2 support.
2025-05-27 21:40:39,384 - INFO - Successfully loaded faiss with AVX2 support.
2025-05-27 21:40:39,401 - INFO - Failed to load GPU Faiss: name 'GpuIndexIVFFlat' is not defined. Will not load constructor refs for GPU indexes. This is only an error if you're trying to use GPU Faiss.
2025-05-27 21:42:45,302 - WARNING - From C:\Users\Barath viswa raj\AppData\Local\Packages\PythonSoftwareFoundation.Python.3.11_qbz5n2kfra8p0\LocalCache\local-packages\Python311\site-packages\tf_keras\src\losses.py:2976: The name tf.losses.sparse_softmax_cross_entropy is deprecated. Please use tf.compat.v1.losses.sparse_softmax_cross_entropy instead.

2025-05-27 21:42:45,519 - INFO - Use pytorch device_name: cpu
2025-05-27 21:42:45,519 - INFO - Load pretrained SentenceTransformer: all-MiniLM-L6-v2
2025-05-27 21:43:52,453 - WARNING - From C:\Users\Barath viswa raj\AppData\Local\Packages\PythonSoftwareFoundation.Python.3.11_qbz5n2kfra8p0\LocalCache\local-packages\Python311\site-packages\tf_keras\src\losses.py:2976: The name tf.losses.sparse_softmax_cross_entropy is deprecated. Please use tf.compat.v1.losses.sparse_softmax_cross_entropy instead.

2025-05-27 21:43:52,677 - INFO - Use pytorch device_name: cpu
2025-05-27 21:43:52,677 - INFO - Load pretrained SentenceTransformer: all-MiniLM-L6-v2
2025-05-27 21:43:59,433 - INFO - [31m[1mWARNING: This is a development server. Do not use it in a production deployment. Use a production WSGI server instead.[0m
 * Running on http://127.0.0.1:5002
2025-05-27 21:43:59,433 - INFO - [33mPress CTRL+C to quit[0m
